<?xml version="1.0" encoding="UTF-8" ?>
<testsuite failures="1" time="1.408" errors="0" skipped="0" tests="1" name="nz.ac.auckland.bookShare.services.UserResourceTest">
  <properties>
    <property name="jboss.i18n.generate-proxies" value="true"/>
    <property name="java.runtime.name" value="Java(TM) SE Runtime Environment"/>
    <property name="sun.boot.library.path" value="C:\Program Files\Java\jdk1.7.0_67\jre\bin"/>
    <property name="java.vm.version" value="24.65-b04"/>
    <property name="java.vm.vendor" value="Oracle Corporation"/>
    <property name="maven.multiModuleProjectDirectory" value="C:\Users\Greggory\Documents\BookShare-WebService"/>
    <property name="java.vendor.url" value="http://java.oracle.com/"/>
    <property name="path.separator" value=";"/>
    <property name="guice.disable.misplaced.annotation.check" value="true"/>
    <property name="java.vm.name" value="Java HotSpot(TM) 64-Bit Server VM"/>
    <property name="file.encoding.pkg" value="sun.io"/>
    <property name="user.script" value=""/>
    <property name="user.country" value="NZ"/>
    <property name="sun.java.launcher" value="SUN_STANDARD"/>
    <property name="sun.os.patch.level" value=""/>
    <property name="java.vm.specification.name" value="Java Virtual Machine Specification"/>
    <property name="user.dir" value="C:\Users\Greggory\Documents\BookShare-WebService"/>
    <property name="java.runtime.version" value="1.7.0_67-b01"/>
    <property name="java.awt.graphicsenv" value="sun.awt.Win32GraphicsEnvironment"/>
    <property name="java.endorsed.dirs" value="C:\Program Files\Java\jdk1.7.0_67\jre\lib\endorsed"/>
    <property name="os.arch" value="amd64"/>
    <property name="java.io.tmpdir" value="C:\Users\Greggory\AppData\Local\Temp\"/>
    <property name="line.separator" value="
"/>
    <property name="java.vm.specification.vendor" value="Oracle Corporation"/>
    <property name="user.variant" value=""/>
    <property name="os.name" value="Windows 8.1"/>
    <property name="classworlds.conf" value="C:\Users\Greggory\Desktop\workspace\.metadata\.plugins\org.eclipse.m2e.launching\launches\m2conf8380740159075983064.tmp"/>
    <property name="sun.jnu.encoding" value="Cp1252"/>
    <property name="java.library.path" value="C:\Program Files\Java\jdk1.7.0_67\bin;C:\WINDOWS\Sun\Java\bin;C:\WINDOWS\system32;C:\WINDOWS;C:\WINDOWS\system32;C:\WINDOWS;C:\WINDOWS\System32\Wbem;C:\WINDOWS\System32\WindowsPowerShell\v1.0\;C:\Program Files (x86)\Windows Kits\8.1\Windows Performance Toolkit\;C:\Program Files\Microsoft SQL Server\110\Tools\Binn\;C:\Program Files (x86)\Microsoft SDKs\TypeScript\1.0\;C:\Program Files (x86)\PharosSystems\Core;C:\Program Files (x86)\Brackets\command;C:\Program Files (x86)\Skype\Phone\;C:\Program Files\SourceGear\Common\DiffMerge\;."/>
    <property name="java.specification.name" value="Java Platform API Specification"/>
    <property name="java.class.version" value="51.0"/>
    <property name="sun.management.compiler" value="HotSpot 64-Bit Tiered Compilers"/>
    <property name="os.version" value="6.3"/>
    <property name="user.home" value="C:\Users\Greggory"/>
    <property name="user.timezone" value="Pacific/Auckland"/>
    <property name="java.awt.printerjob" value="sun.awt.windows.WPrinterJob"/>
    <property name="java.specification.version" value="1.7"/>
    <property name="file.encoding" value="Cp1252"/>
    <property name="user.name" value="Greggory"/>
    <property name="java.class.path" value="/C:/Users/Greggory/eclipse/java-mars/eclipse/../../../.p2/pool/plugins/org.eclipse.m2e.maven.runtime_1.6.0.20150526-2031/jars/plexus-classworlds-2.5.2.jar"/>
    <property name="java.vm.specification.version" value="1.7"/>
    <property name="sun.arch.data.model" value="64"/>
    <property name="java.home" value="C:\Program Files\Java\jdk1.7.0_67\jre"/>
    <property name="sun.java.command" value="org.codehaus.plexus.classworlds.launcher.Launcher -B install"/>
    <property name="java.specification.vendor" value="Oracle Corporation"/>
    <property name="user.language" value="en"/>
    <property name="awt.toolkit" value="sun.awt.windows.WToolkit"/>
    <property name="java.vm.info" value="mixed mode"/>
    <property name="java.version" value="1.7.0_67"/>
    <property name="java.ext.dirs" value="C:\Program Files\Java\jdk1.7.0_67\jre\lib\ext;C:\WINDOWS\Sun\Java\lib\ext"/>
    <property name="sun.boot.class.path" value="C:\Program Files\Java\jdk1.7.0_67\jre\lib\resources.jar;C:\Program Files\Java\jdk1.7.0_67\jre\lib\rt.jar;C:\Program Files\Java\jdk1.7.0_67\jre\lib\sunrsasign.jar;C:\Program Files\Java\jdk1.7.0_67\jre\lib\jsse.jar;C:\Program Files\Java\jdk1.7.0_67\jre\lib\jce.jar;C:\Program Files\Java\jdk1.7.0_67\jre\lib\charsets.jar;C:\Program Files\Java\jdk1.7.0_67\jre\lib\jfr.jar;C:\Program Files\Java\jdk1.7.0_67\jre\classes"/>
    <property name="java.vendor" value="Oracle Corporation"/>
    <property name="maven.home" value="C:\Users\Greggory\Documents\BookShare-WebService\EMBEDDED"/>
    <property name="file.separator" value="\"/>
    <property name="java.vendor.url.bug" value="http://bugreport.sun.com/bugreport/"/>
    <property name="sun.cpu.endian" value="little"/>
    <property name="sun.io.unicode.encoding" value="UnicodeLittle"/>
    <property name="sun.desktop" value="windows"/>
    <property name="sun.cpu.isalist" value="amd64"/>
  </properties>
  <testcase time="1.408" classname="nz.ac.auckland.bookShare.services.UserResourceTest" name="addUser">
    <failure message="Failed to create new Parolee" type="java.lang.AssertionError">java.lang.AssertionError: Failed to create new Parolee
	at org.junit.Assert.fail(Assert.java:93)
	at nz.ac.auckland.bookShare.services.UserResourceTest.addUser(UserResourceTest.java:49)
	at sun.reflect.NativeMethodAccessorImpl.invoke0(Native Method)
	at sun.reflect.NativeMethodAccessorImpl.invoke(NativeMethodAccessorImpl.java:57)
	at sun.reflect.DelegatingMethodAccessorImpl.invoke(DelegatingMethodAccessorImpl.java:43)
	at java.lang.reflect.Method.invoke(Method.java:606)
	at org.junit.runners.model.FrameworkMethod$1.runReflectiveCall(FrameworkMethod.java:45)
	at org.junit.internal.runners.model.ReflectiveCallable.run(ReflectiveCallable.java:15)
	at org.junit.runners.model.FrameworkMethod.invokeExplosively(FrameworkMethod.java:42)
	at org.junit.internal.runners.statements.InvokeMethod.evaluate(InvokeMethod.java:20)
	at org.junit.internal.runners.statements.RunBefores.evaluate(RunBefores.java:28)
	at org.junit.runners.ParentRunner.runLeaf(ParentRunner.java:263)
	at org.junit.runners.BlockJUnit4ClassRunner.runChild(BlockJUnit4ClassRunner.java:68)
	at org.junit.runners.BlockJUnit4ClassRunner.runChild(BlockJUnit4ClassRunner.java:47)
	at org.junit.runners.ParentRunner$3.run(ParentRunner.java:231)
	at org.junit.runners.ParentRunner$1.schedule(ParentRunner.java:60)
	at org.junit.runners.ParentRunner.runChildren(ParentRunner.java:229)
	at org.junit.runners.ParentRunner.access$000(ParentRunner.java:50)
	at org.junit.runners.ParentRunner$2.evaluate(ParentRunner.java:222)
	at org.junit.internal.runners.statements.RunAfters.evaluate(RunAfters.java:30)
	at org.junit.runners.ParentRunner.run(ParentRunner.java:300)
	at org.apache.maven.surefire.junit4.JUnit4Provider.execute(JUnit4Provider.java:252)
	at org.apache.maven.surefire.junit4.JUnit4Provider.executeTestSet(JUnit4Provider.java:141)
	at org.apache.maven.surefire.junit4.JUnit4Provider.invoke(JUnit4Provider.java:112)
	at sun.reflect.NativeMethodAccessorImpl.invoke0(Native Method)
	at sun.reflect.NativeMethodAccessorImpl.invoke(NativeMethodAccessorImpl.java:57)
	at sun.reflect.DelegatingMethodAccessorImpl.invoke(DelegatingMethodAccessorImpl.java:43)
	at java.lang.reflect.Method.invoke(Method.java:606)
	at org.apache.maven.surefire.util.ReflectionUtils.invokeMethodWithArray(ReflectionUtils.java:189)
	at org.apache.maven.surefire.booter.ProviderFactory$ProviderProxy.invoke(ProviderFactory.java:165)
	at org.apache.maven.surefire.booter.ProviderFactory.invokeProvider(ProviderFactory.java:85)
	at org.apache.maven.surefire.booter.ForkedBooter.runSuitesInProcess(ForkedBooter.java:115)
	at org.apache.maven.surefire.booter.ForkedBooter.main(ForkedBooter.java:75)
</failure>
    <system-out>2015-09-30 11:18:11,280 [main] DEBUG org.jboss.resteasy.plugins.providers.DocumentProvider  - Unable to retrieve config: expandEntityReferences defaults to false
2015-09-30 11:18:11,280 [main] DEBUG org.jboss.resteasy.plugins.providers.DocumentProvider  - Unable to retrieve config: enableSecureProcessingFeature defaults to true
2015-09-30 11:18:11,280 [main] DEBUG org.jboss.resteasy.plugins.providers.DocumentProvider  - Unable to retrieve config: disableDTDs defaults to true
2015-09-30 11:18:11,293 [main] DEBUG org.jboss.resteasy.plugins.providers.DocumentProvider  - Unable to retrieve config: expandEntityReferences defaults to false
2015-09-30 11:18:11,293 [main] DEBUG org.jboss.resteasy.plugins.providers.DocumentProvider  - Unable to retrieve config: enableSecureProcessingFeature defaults to true
2015-09-30 11:18:11,293 [main] DEBUG org.jboss.resteasy.plugins.providers.DocumentProvider  - Unable to retrieve config: disableDTDs defaults to true
setCharset(): UTF-8
2015-09-30 11:18:12,226 [main] DEBUG org.apache.http.impl.conn.BasicClientConnectionManager  - Get connection for route {}-&gt;http://localhost:8080
2015-09-30 11:18:12,241 [main] DEBUG org.apache.http.impl.conn.DefaultClientConnectionOperator  - Connecting to localhost:8080
2015-09-30 11:18:12,272 [main] DEBUG org.apache.http.client.protocol.RequestAddCookies  - CookieSpec selected: best-match
2015-09-30 11:18:12,288 [main] DEBUG org.apache.http.client.protocol.RequestAuthCache  - Auth cache not set in the context
2015-09-30 11:18:12,288 [main] DEBUG org.apache.http.client.protocol.RequestTargetAuthentication  - Target auth state: UNCHALLENGED
2015-09-30 11:18:12,298 [main] DEBUG org.apache.http.client.protocol.RequestProxyAuthentication  - Proxy auth state: UNCHALLENGED
2015-09-30 11:18:12,298 [main] DEBUG org.apache.http.impl.client.DefaultHttpClient  - Attempt 1 to execute request
2015-09-30 11:18:12,298 [main] DEBUG org.apache.http.impl.conn.DefaultClientConnection  - Sending request: POST /services/users HTTP/1.1
2015-09-30 11:18:12,298 [main] DEBUG org.apache.http.wire  - &gt;&gt; &quot;POST /services/users HTTP/1.1[\r][\n]&quot;
2015-09-30 11:18:12,298 [main] DEBUG org.apache.http.wire  - &gt;&gt; &quot;Accept-Encoding: gzip, deflate[\r][\n]&quot;
2015-09-30 11:18:12,298 [main] DEBUG org.apache.http.wire  - &gt;&gt; &quot;Content-Type: application/xml[\r][\n]&quot;
2015-09-30 11:18:12,298 [main] DEBUG org.apache.http.wire  - &gt;&gt; &quot;Content-Length: 190[\r][\n]&quot;
2015-09-30 11:18:12,298 [main] DEBUG org.apache.http.wire  - &gt;&gt; &quot;Host: localhost:8080[\r][\n]&quot;
2015-09-30 11:18:12,298 [main] DEBUG org.apache.http.wire  - &gt;&gt; &quot;Connection: Keep-Alive[\r][\n]&quot;
2015-09-30 11:18:12,298 [main] DEBUG org.apache.http.wire  - &gt;&gt; &quot;[\r][\n]&quot;
2015-09-30 11:18:12,298 [main] DEBUG org.apache.http.headers  - &gt;&gt; POST /services/users HTTP/1.1
2015-09-30 11:18:12,298 [main] DEBUG org.apache.http.headers  - &gt;&gt; Accept-Encoding: gzip, deflate
2015-09-30 11:18:12,298 [main] DEBUG org.apache.http.headers  - &gt;&gt; Content-Type: application/xml
2015-09-30 11:18:12,298 [main] DEBUG org.apache.http.headers  - &gt;&gt; Content-Length: 190
2015-09-30 11:18:12,298 [main] DEBUG org.apache.http.headers  - &gt;&gt; Host: localhost:8080
2015-09-30 11:18:12,298 [main] DEBUG org.apache.http.headers  - &gt;&gt; Connection: Keep-Alive
2015-09-30 11:18:12,298 [main] DEBUG org.apache.http.wire  - &gt;&gt; &quot;&lt;?xml version=&quot;1.0&quot; encoding=&quot;UTF-8&quot; standalone=&quot;yes&quot;?&gt;&lt;user&gt;&lt;id&gt;0&lt;/id&gt;&lt;first-name&gt;Zoran&lt;/first-name&gt;&lt;last-name&gt;Salcic&lt;/last-name&gt;&lt;username&gt;lecturer101&lt;/username&gt;&lt;city&gt;Auckland&lt;/city&gt;&lt;/user&gt;&quot;
2015-09-30 11:18:12,501 [main] DEBUG org.apache.http.wire  - &lt;&lt; &quot;HTTP/1.1 500 Server Error[\r][\n]&quot;
2015-09-30 11:18:12,501 [main] DEBUG org.apache.http.wire  - &lt;&lt; &quot;Content-Type: text/html; charset=ISO-8859-1[\r][\n]&quot;
2015-09-30 11:18:12,501 [main] DEBUG org.apache.http.wire  - &lt;&lt; &quot;Cache-Control: must-revalidate,no-cache,no-store[\r][\n]&quot;
2015-09-30 11:18:12,501 [main] DEBUG org.apache.http.wire  - &lt;&lt; &quot;Content-Length: 33237[\r][\n]&quot;
2015-09-30 11:18:12,501 [main] DEBUG org.apache.http.wire  - &lt;&lt; &quot;Server: Jetty(9.0.6.v20130930)[\r][\n]&quot;
2015-09-30 11:18:12,501 [main] DEBUG org.apache.http.wire  - &lt;&lt; &quot;[\r][\n]&quot;
2015-09-30 11:18:12,501 [main] DEBUG org.apache.http.impl.conn.DefaultClientConnection  - Receiving response: HTTP/1.1 500 Server Error
2015-09-30 11:18:12,501 [main] DEBUG org.apache.http.headers  - &lt;&lt; HTTP/1.1 500 Server Error
2015-09-30 11:18:12,501 [main] DEBUG org.apache.http.headers  - &lt;&lt; Content-Type: text/html; charset=ISO-8859-1
2015-09-30 11:18:12,501 [main] DEBUG org.apache.http.headers  - &lt;&lt; Cache-Control: must-revalidate,no-cache,no-store
2015-09-30 11:18:12,501 [main] DEBUG org.apache.http.headers  - &lt;&lt; Content-Length: 33237
2015-09-30 11:18:12,501 [main] DEBUG org.apache.http.headers  - &lt;&lt; Server: Jetty(9.0.6.v20130930)
2015-09-30 11:18:12,501 [main] DEBUG org.apache.http.impl.client.DefaultHttpClient  - Connection can be kept alive indefinitely
</system-out>
  </testcase>
</testsuite>